<?xml version="1.0" encoding="UTF-8"?>
<testsuite xmlns:xsi="http://www.w3.org/2001/XMLSchema-instance" xsi:noNamespaceSchemaLocation="https://maven.apache.org/surefire/maven-surefire-plugin/xsd/surefire-test-report-3.0.xsd" version="3.0" name="CalculatorTest" time="0.179" tests="1" errors="0" skipped="0" failures="0">
  <properties>
[...]
</properties>
  <testcase name="testAdd1" classname="CalculatorTest" time="0.149">
    <system-out><![CDATA[20:30:48.808 [main] INFO Calculator -- In add() method: a=2, b=3, result=5
]]></system-out>
  </testcase>
</testsuite>